  imGuIZMOquat.cpp
c:\users\ccg\desktop\armando(eliminar)\cg3-p1\dependencies\imguizmo.quat\imguizmoquat.h(17): fatal error C1083: Cannot open include file: 'imgui.h': No such file or directory

Project Performance Summary:
        0 ms  C:\Users\ccg\Desktop\Armando(Eliminar)\CG3-P1\dependencies\imgui\ImGui.vcxproj   2 calls
                  0 ms  GetTargetPath                              1 calls
                  0 ms  GetNativeManifest                          1 calls
      625 ms  C:\Users\ccg\Desktop\Armando(Eliminar)\CG3-P1\dependencies\imGuIZMO.quat\imquat.vcxproj   1 calls
                625 ms  Build                                      1 calls

Target Performance Summary:
        0 ms  _CheckForInvalidConfigurationAndPlatform   1 calls
        0 ms  InitializeBuildStatus                      1 calls
        0 ms  BuildGenerateSourcesTraverse               1 calls
        0 ms  BeforeBuildGenerateSources                 1 calls
        0 ms  PreBuildEvent                              1 calls
        0 ms  _Xsd                                       1 calls
        0 ms  MakeDirsForMidl                            1 calls
        0 ms  ComputeMIDLGeneratedCompileInputs          1 calls
        0 ms  AfterMidl                                  1 calls
        0 ms  _Midl                                      1 calls
        0 ms  ResolveReferences                          1 calls
        0 ms  AfterBuildGenerateSources                  1 calls
        0 ms  _BuildGenerateSourcesAction                1 calls
        0 ms  BuildGenerateSources                       1 calls
        0 ms  BuildCompileTraverse                       1 calls
        0 ms  BeforeClCompile                            1 calls
        0 ms  ComputeCLInputPDBName                      1 calls
        0 ms  ComputeReferenceCLInput                    1 calls
        0 ms  FixupCLCompileOptions                      1 calls
        0 ms  _SelectedFiles                             1 calls
        0 ms  SelectCustomBuild                          1 calls
        0 ms  AfterBuildGenerateSourcesEvent             1 calls
        0 ms  SelectClCompile                            1 calls
        0 ms  AfterResolveReferences                     1 calls
        0 ms  _HandlePackageFileConflicts                1 calls
        0 ms  _PrepareForBuild                           1 calls
        0 ms  _PrepareForReferenceResolution             2 calls
        0 ms  BeforeResolveReferences                    1 calls
        0 ms  AssignProjectConfiguration                 1 calls
        0 ms  _GetProjectReferenceTargetFrameworkProperties   1 calls
        0 ms  PrepareProjectReferences                   1 calls
        0 ms  _RemoveNameMetadataFromProjectReferenceItems   1 calls
        0 ms  ResolveAssemblyReferences                  1 calls
        0 ms  GetTargetPath                              1 calls
        0 ms  GetResolvedWinMD                           2 calls
        0 ms  GetFrameworkPaths                          1 calls
        0 ms  GetReferenceAssemblyPaths                  1 calls
        0 ms  SetBuildDefaultEnvironmentVariables        1 calls
        0 ms  PlatformPrepareForBuild                    1 calls
        0 ms  Desktop_PlatformPrepareForBuild            1 calls
        0 ms  PrepareForBuild                            1 calls
        0 ms  ResolveSDKReferences                       1 calls
        0 ms  ExpandSDKReferences                        1 calls
        0 ms  GetNativeManifest                          1 calls
       16 ms  _SplitProjectReferencesByFileExistence     1 calls
       16 ms  SetCABuildNativeEnvironmentVariables       1 calls
       16 ms  MakeDirsForCl                              1 calls
       31 ms  ResolveProjectReferences                   1 calls
      531 ms  ClCompile                                  1 calls
